<?xml version="1.0" encoding="UTF-8"?>
<testng-results skipped="0" failed="0" total="2" passed="2">
  <reporter-output>
  </reporter-output>
  <suite name="Default suite" duration-ms="56647" started-at="2016-02-25T02:12:58Z" finished-at="2016-02-25T02:13:54Z">
    <groups>
    </groups>
    <test name="Default test" duration-ms="56647" started-at="2016-02-25T02:12:58Z" finished-at="2016-02-25T02:13:54Z">
      <class name="com.doc.test.SmokeTest">
        <test-method status="PASS" signature="startBrowser()[pri:0, instance:com.doc.test.SmokeTest@7cf10a6f]" name="startBrowser" is-config="true" duration-ms="15794" started-at="2016-02-24T21:12:58Z" finished-at="2016-02-24T21:13:13Z">
          <reporter-output>
          </reporter-output>
        </test-method> <!-- startBrowser -->
        <test-method status="PASS" signature="verifyLogin(java.lang.String, java.lang.String)[pri:0, instance:com.doc.test.SmokeTest@7cf10a6f]" name="verifyLogin" duration-ms="7732" started-at="2016-02-24T21:13:13Z" data-provider="login" finished-at="2016-02-24T21:13:21Z">
          <params>
            <param index="0">
              <value>
                <![CDATA[romana]]>
              </value>
            </param>
            <param index="1">
              <value>
                <![CDATA[s1234]]>
              </value>
            </param>
          </params>
          <reporter-output>
          </reporter-output>
        </test-method> <!-- verifyLogin -->
        <test-method status="PASS" signature="closeBrowser()[pri:0, instance:com.doc.test.SmokeTest@7cf10a6f]" name="closeBrowser" is-config="true" duration-ms="2095" started-at="2016-02-24T21:13:21Z" finished-at="2016-02-24T21:13:23Z">
          <reporter-output>
          </reporter-output>
        </test-method> <!-- closeBrowser -->
        <test-method status="PASS" signature="startBrowser()[pri:0, instance:com.doc.test.SmokeTest@7cf10a6f]" name="startBrowser" is-config="true" duration-ms="24187" started-at="2016-02-24T21:13:23Z" finished-at="2016-02-24T21:13:48Z">
          <reporter-output>
          </reporter-output>
        </test-method> <!-- startBrowser -->
        <test-method status="PASS" signature="verifyLogin(java.lang.String, java.lang.String)[pri:0, instance:com.doc.test.SmokeTest@7cf10a6f]" name="verifyLogin" duration-ms="4723" started-at="2016-02-24T21:13:48Z" data-provider="login" finished-at="2016-02-24T21:13:52Z">
          <params>
            <param index="0">
              <value>
                <![CDATA[miji]]>
              </value>
            </param>
            <param index="1">
              <value>
                <![CDATA[12345]]>
              </value>
            </param>
          </params>
          <reporter-output>
          </reporter-output>
        </test-method> <!-- verifyLogin -->
        <test-method status="PASS" signature="closeBrowser()[pri:0, instance:com.doc.test.SmokeTest@7cf10a6f]" name="closeBrowser" is-config="true" duration-ms="2093" started-at="2016-02-24T21:13:52Z" finished-at="2016-02-24T21:13:54Z">
          <reporter-output>
          </reporter-output>
        </test-method> <!-- closeBrowser -->
      </class> <!-- com.doc.test.SmokeTest -->
    </test> <!-- Default test -->
  </suite> <!-- Default suite -->
</testng-results>
